<?xml version="1.0" encoding="UTF-8"?>
<testsuite name="org.example.GetControllerTest" tests="1" skipped="0" failures="0" errors="0" timestamp="2023-12-16T13:01:48" hostname="0822LTPB0076167.local" time="1.1">
  <properties/>
  <testcase name="shouldGetNoPersonDetailsIfNotPresent()" classname="org.example.GetControllerTest" time="1.1"/>
  <system-out><![CDATA[18:31:45.927 [Test worker] INFO org.springframework.test.context.support.AnnotationConfigContextLoaderUtils -- Could not detect default configuration classes for test class [org.example.GetControllerTest]: GetControllerTest does not declare any static, non-private, non-final, nested classes annotated with @Configuration.
18:31:46.256 [Test worker] INFO org.springframework.boot.test.context.SpringBootTestContextBootstrapper -- Found @SpringBootConfiguration org.example.SpringCrudApplication for test class org.example.GetControllerTest

  .   ____          _            __ _ _
 /\\ / ___'_ __ _ _(_)_ __  __ _ \ \ \ \
( ( )\___ | '_ | '_| | '_ \/ _` | \ \ \ \
 \\/  ___)| |_)| | | | | || (_| |  ) ) ) )
  '  |____| .__|_| |_|_| |_\__, | / / / /
 =========|_|==============|___/=/_/_/_/
 :: Spring Boot ::                (v3.1.5)

2023-12-16T18:31:46.873+05:30  INFO 4816 --- [    Test worker] org.example.GetControllerTest            : Starting GetControllerTest using Java 17.0.9 with PID 4816 (started by hitesh.jaware in /Users/hitesh.jaware/spring-crud)
2023-12-16T18:31:46.875+05:30  INFO 4816 --- [    Test worker] org.example.GetControllerTest            : No active profile set, falling back to 1 default profile: "default"
2023-12-16T18:31:48.402+05:30  INFO 4816 --- [    Test worker] o.s.b.t.m.w.SpringBootMockServletContext : Initializing Spring TestDispatcherServlet ''
2023-12-16T18:31:48.403+05:30  INFO 4816 --- [    Test worker] o.s.t.web.servlet.TestDispatcherServlet  : Initializing Servlet ''
2023-12-16T18:31:48.421+05:30  INFO 4816 --- [    Test worker] o.s.t.web.servlet.TestDispatcherServlet  : Completed initialization in 11 ms
2023-12-16T18:31:48.481+05:30  INFO 4816 --- [    Test worker] org.example.GetControllerTest            : Started GetControllerTest in 2.135 seconds (process running for 4.002)
]]></system-out>
  <system-err><![CDATA[]]></system-err>
</testsuite>
