<?xml version="1.0" encoding="UTF-8"?>
<testsuite name="org.example.GetControllerTest" tests="1" skipped="0" failures="0" errors="0" timestamp="2023-12-16T13:32:54" hostname="0822LTPB0076167.local" time="0.136">
  <properties/>
  <testcase name="shouldReturnDetailsFromServiceLayer()" classname="org.example.GetControllerTest" time="0.136"/>
  <system-out><![CDATA[19:02:50.264 [Test worker] INFO org.springframework.test.context.support.AnnotationConfigContextLoaderUtils -- Could not detect default configuration classes for test class [org.example.GetControllerTest]: GetControllerTest does not declare any static, non-private, non-final, nested classes annotated with @Configuration.
19:02:50.559 [Test worker] INFO org.springframework.boot.test.context.SpringBootTestContextBootstrapper -- Found @SpringBootConfiguration org.example.SpringCrudApplication for test class org.example.GetControllerTest

  .   ____          _            __ _ _
 /\\ / ___'_ __ _ _(_)_ __  __ _ \ \ \ \
( ( )\___ | '_ | '_| | '_ \/ _` | \ \ \ \
 \\/  ___)| |_)| | | | | || (_| |  ) ) ) )
  '  |____| .__|_| |_|_| |_\__, | / / / /
 =========|_|==============|___/=/_/_/_/
 :: Spring Boot ::                (v3.1.5)

2023-12-16T19:02:51.162+05:30  INFO 7529 --- [    Test worker] org.example.GetControllerTest            : Starting GetControllerTest using Java 17.0.9 with PID 7529 (started by hitesh.jaware in /Users/hitesh.jaware/spring-crud)
2023-12-16T19:02:51.168+05:30  INFO 7529 --- [    Test worker] org.example.GetControllerTest            : No active profile set, falling back to 1 default profile: "default"
2023-12-16T19:02:54.416+05:30  INFO 7529 --- [    Test worker] o.s.b.t.m.w.SpringBootMockServletContext : Initializing Spring TestDispatcherServlet ''
2023-12-16T19:02:54.421+05:30  INFO 7529 --- [    Test worker] o.s.t.web.servlet.TestDispatcherServlet  : Initializing Servlet ''
2023-12-16T19:02:54.434+05:30  INFO 7529 --- [    Test worker] o.s.t.web.servlet.TestDispatcherServlet  : Completed initialization in 4 ms
2023-12-16T19:02:54.503+05:30  INFO 7529 --- [    Test worker] org.example.GetControllerTest            : Started GetControllerTest in 3.853 seconds (process running for 5.728)
]]></system-out>
  <system-err><![CDATA[]]></system-err>
</testsuite>
